Copyright 1986-2019 Xilinx, Inc. All Rights Reserved.
-------------------------------------------------------------------------------------------------------------------------------------------------------------
| Tool Version     : Vivado v.2019.1 (win64) Build 2552052 Fri May 24 14:49:42 MDT 2019
| Date             : Fri May 17 01:11:42 2024
| Host             : DESKTOP-TJMPVE6 running 64-bit major release  (build 9200)
| Command          : report_power -file platfomer_top_power_routed.rpt -pb platfomer_top_power_summary_routed.pb -rpx platfomer_top_power_routed.rpx
| Design           : platfomer_top
| Device           : xc7a35tcpg236-1
| Design State     : routed
| Grade            : commercial
| Process          : typical
| Characterization : Production
-------------------------------------------------------------------------------------------------------------------------------------------------------------

Power Report

Table of Contents
-----------------
1. Summary
1.1 On-Chip Components
1.2 Power Supply Summary
1.3 Confidence Level
2. Settings
2.1 Environment
2.2 Clock Constraints
3. Detailed Reports
3.1 By Hierarchy

1. Summary
----------

+--------------------------+--------------+
| Total On-Chip Power (W)  | 0.192        |
| Design Power Budget (W)  | Unspecified* |
| Power Budget Margin (W)  | NA           |
| Dynamic (W)              | 0.120        |
| Device Static (W)        | 0.072        |
| Effective TJA (C/W)      | 5.0          |
| Max Ambient (C)          | 84.0         |
| Junction Temperature (C) | 26.0         |
| Confidence Level         | Low          |
| Setting File             | ---          |
| Simulation Activity File | ---          |
| Design Nets Matched      | NA           |
+--------------------------+--------------+
* Specify Design Power Budget using, set_operating_conditions -design_power_budget <value in Watts>


1.1 On-Chip Components
----------------------

+----------------+-----------+----------+-----------+-----------------+
| On-Chip        | Power (W) | Used     | Available | Utilization (%) |
+----------------+-----------+----------+-----------+-----------------+
| Clocks         |     0.003 |       10 |       --- |             --- |
| Slice Logic    |     0.003 |     1693 |       --- |             --- |
|   LUT as Logic |     0.002 |      815 |     20800 |            3.92 |
|   CARRY4       |    <0.001 |      157 |      8150 |            1.93 |
|   Register     |    <0.001 |      354 |     41600 |            0.85 |
|   Others       |     0.000 |       43 |       --- |             --- |
| Signals        |     0.002 |      960 |       --- |             --- |
| Block RAM      |     0.012 |      6.5 |        50 |           13.00 |
| PLL            |     0.100 |        1 |         5 |           20.00 |
| I/O            |    <0.001 |       20 |       106 |           18.87 |
| Static Power   |     0.072 |          |           |                 |
| Total          |     0.192 |          |           |                 |
+----------------+-----------+----------+-----------+-----------------+


1.2 Power Supply Summary
------------------------

+-----------+-------------+-----------+-------------+------------+
| Source    | Voltage (V) | Total (A) | Dynamic (A) | Static (A) |
+-----------+-------------+-----------+-------------+------------+
| Vccint    |       1.000 |     0.037 |       0.027 |      0.010 |
| Vccaux    |       1.800 |     0.064 |       0.051 |      0.013 |
| Vcco33    |       3.300 |     0.001 |       0.000 |      0.001 |
| Vcco25    |       2.500 |     0.000 |       0.000 |      0.000 |
| Vcco18    |       1.800 |     0.000 |       0.000 |      0.000 |
| Vcco15    |       1.500 |     0.000 |       0.000 |      0.000 |
| Vcco135   |       1.350 |     0.000 |       0.000 |      0.000 |
| Vcco12    |       1.200 |     0.000 |       0.000 |      0.000 |
| Vccaux_io |       1.800 |     0.000 |       0.000 |      0.000 |
| Vccbram   |       1.000 |     0.001 |       0.001 |      0.000 |
| MGTAVcc   |       1.000 |     0.000 |       0.000 |      0.000 |
| MGTAVtt   |       1.200 |     0.000 |       0.000 |      0.000 |
| Vccadc    |       1.800 |     0.020 |       0.000 |      0.020 |
+-----------+-------------+-----------+-------------+------------+


1.3 Confidence Level
--------------------

+-----------------------------+------------+--------------------------------------------------------+--------------------------------------------------------------------------------------------------------------------+
| User Input Data             | Confidence | Details                                                | Action                                                                                                             |
+-----------------------------+------------+--------------------------------------------------------+--------------------------------------------------------------------------------------------------------------------+
| Design implementation state | High       | Design is routed                                       |                                                                                                                    |
| Clock nodes activity        | Medium     | More than 5% of clocks are missing user specification  | Provide missing clock activity with a constraint file, simulation results or by editing the "By Clock Domain" view |
| I/O nodes activity          | Low        | More than 75% of inputs are missing user specification | Provide missing input activity with simulation results or by editing the "By Resource Type -> I/Os" view           |
| Internal nodes activity     | Medium     | User specified less than 25% of internal nodes         | Provide missing internal nodes activity with simulation results or by editing the "By Resource Type" views         |
| Device models               | High       | Device models are Production                           |                                                                                                                    |
|                             |            |                                                        |                                                                                                                    |
| Overall confidence level    | Low        |                                                        |                                                                                                                    |
+-----------------------------+------------+--------------------------------------------------------+--------------------------------------------------------------------------------------------------------------------+


2. Settings
-----------

2.1 Environment
---------------

+-----------------------+--------------------------+
| Ambient Temp (C)      | 25.0                     |
| ThetaJA (C/W)         | 5.0                      |
| Airflow (LFM)         | 250                      |
| Heat Sink             | medium (Medium Profile)  |
| ThetaSA (C/W)         | 4.6                      |
| Board Selection       | medium (10"x10")         |
| # of Board Layers     | 12to15 (12 to 15 Layers) |
| Board Temperature (C) | 25.0                     |
+-----------------------+--------------------------+


2.2 Clock Constraints
---------------------

+------------------------+------------------------------------------+-----------------+
| Clock                  | Domain                                   | Constraint (ns) |
+------------------------+------------------------------------------+-----------------+
| clk_100mhz_clk_wiz_0   | clock_instance/inst/clk_100mhz_clk_wiz_0 |            10.0 |
| clk_100mhz_clk_wiz_0_1 | clock_instance/inst/clk_100mhz_clk_wiz_0 |            10.0 |
| clk_25mhz_clk_wiz_0    | clock_instance/inst/clk_25mhz_clk_wiz_0  |            40.0 |
| clk_25mhz_clk_wiz_0_1  | clock_instance/inst/clk_25mhz_clk_wiz_0  |            40.0 |
| clk_b                  | clk_b                                    |            10.0 |
| clkfbout_clk_wiz_0     | clock_instance/inst/clkfbout_clk_wiz_0   |            10.0 |
| clkfbout_clk_wiz_0_1   | clock_instance/inst/clkfbout_clk_wiz_0   |            10.0 |
| sys_clk_pin            | clk_b                                    |            10.0 |
+------------------------+------------------------------------------+-----------------+


3. Detailed Reports
-------------------

3.1 By Hierarchy
----------------

+------------------+-----------+
| Name             | Power (W) |
+------------------+-----------+
| platfomer_top    |     0.120 |
|   clock_instance |     0.101 |
|     inst         |     0.101 |
|   fruits_unit    |     0.010 |
|     f1           |     0.001 |
|     f2           |     0.001 |
|     f3           |     0.001 |
|     f4           |     0.001 |
|   menu_unit      |     0.005 |
|   player_unit    |     0.002 |
+------------------+-----------+


